[debug] [2019-11-25T15:37:28.020Z] ----------------------------------------------------------------------
[debug] [2019-11-25T15:37:28.029Z] Command:       /Users/s02435/.nodebrew/node/v8.16.0/bin/node /Users/s02435/.nodebrew/current/bin/firebase deploy
[debug] [2019-11-25T15:37:28.029Z] CLI Version:   7.8.1
[debug] [2019-11-25T15:37:28.029Z] Platform:      darwin
[debug] [2019-11-25T15:37:28.029Z] Node Version:  v8.16.0
[debug] [2019-11-25T15:37:28.030Z] Time:          Tue Nov 26 2019 00:37:28 GMT+0900 (JST)
[debug] [2019-11-25T15:37:28.030Z] ----------------------------------------------------------------------
[debug] [2019-11-25T15:37:28.030Z] 
[debug] [2019-11-25T15:37:28.042Z] > command requires scopes: ["email","openid","https://www.googleapis.com/auth/cloudplatformprojects.readonly","https://www.googleapis.com/auth/firebase","https://www.googleapis.com/auth/cloud-platform"]
[debug] [2019-11-25T15:37:28.042Z] > authorizing via signed-in user
[debug] [2019-11-25T15:37:28.043Z] [iam] checking project sage-groove-219116 for permissions ["firebase.projects.get","firebasehosting.sites.update"]
[debug] [2019-11-25T15:37:28.044Z] >>> HTTP REQUEST POST https://cloudresourcemanager.googleapis.com/v1/projects/sage-groove-219116:testIamPermissions  

[debug] [2019-11-25T15:37:29.301Z] <<< HTTP RESPONSE 200
[debug] [2019-11-25T15:37:29.303Z] >>> HTTP REQUEST GET https://firebase.googleapis.com/v1beta1/projects/sage-groove-219116  
 
[debug] [2019-11-25T15:37:30.516Z] <<< HTTP RESPONSE 200
[info] 
[info] === Deploying to 'sage-groove-219116'...
[info] 
[info] i  deploying hosting
[debug] [2019-11-25T15:37:30.523Z] >>> HTTP REQUEST POST https://firebasehosting.googleapis.com/v1beta1/sites/sage-groove-219116/versions  

[debug] [2019-11-25T15:37:32.258Z] <<< HTTP RESPONSE 200
[info] i  hosting[sage-groove-219116]: beginning deploy...
[info] i  hosting[sage-groove-219116]: found 11 files in build
[debug] [2019-11-25T15:37:32.514Z] [hosting] hash cache [YnVpbGQ] stored for 11 files
[debug] [2019-11-25T15:37:32.514Z] [hosting][hash queue][FINAL]
[debug] [2019-11-25T15:37:32.514Z] >>> HTTP REQUEST POST https://firebasehosting.googleapis.com/v1beta1/sites/sage-groove-219116/versions/f173641adbc4c142:populateFiles  
 <request body omitted>
[debug] [2019-11-25T15:37:34.244Z] <<< HTTP RESPONSE 200
[debug] [2019-11-25T15:37:34.248Z] [hosting][populate queue][FINAL]
[debug] [2019-11-25T15:37:34.248Z] [hosting] uploads queued: 5
[debug] [2019-11-25T15:37:41.473Z] [hosting][upload queue][FINAL]
[info] ✔  hosting[sage-groove-219116]: file upload complete
[debug] [2019-11-25T15:37:41.474Z] [hosting] deploy completed after 9214ms
[debug] [2019-11-25T15:37:41.987Z] [
  {
    "config": {
      "public": "build",
      "ignore": [
        "firebase.json",
        "**/.*",
        "**/node_modules/**"
      ],
      "site": "sage-groove-219116"
    },
    "site": "sage-groove-219116",
    "version": "sites/sage-groove-219116/versions/f173641adbc4c142"
  }
]
[info] i  hosting[sage-groove-219116]: finalizing version...
[debug] [2019-11-25T15:37:41.988Z] >>> HTTP REQUEST PATCH https://firebasehosting.googleapis.com/v1beta1/sites/sage-groove-219116/versions/f173641adbc4c142?updateMask=status  

